c:\users\ensar\source\repos\newlıb\newlıb\debug\vc141.pdb
c:\users\ensar\source\repos\newlıb\newlıb\debug\vc141.ıdb
c:\users\ensar\source\repos\newlıb\newlıb\debug\a.obj
c:\users\ensar\source\repos\newlıb\debug\newlıb.dll
c:\users\ensar\source\repos\newlıb\debug\newlıb.ılk
c:\users\ensar\source\repos\newlıb\debug\newlıb.pdb
c:\users\ensar\source\repos\newlib\debug\newlib.lib
c:\users\ensar\source\repos\newlib\debug\newlib.exp
c:\users\ensar\source\repos\newlib\newlib\debug\a.obj
c:\users\ensar\source\repos\newlib\newlib\debug\vc141.idb
c:\users\ensar\source\repos\newlib\newlib\debug\vc141.pdb
c:\users\ensar\source\repos\newlib\debug\newlib.pdb
c:\users\ensar\source\repos\newlib\debug\newlib.dll
c:\users\ensar\source\repos\newlib\debug\newlib.ilk
c:\users\ensar\source\repos\newlib\newlib\debug\newlib.tlog\cl.command.1.tlog
c:\users\ensar\source\repos\newlib\newlib\debug\newlib.tlog\cl.read.1.tlog
c:\users\ensar\source\repos\newlib\newlib\debug\newlib.tlog\cl.write.1.tlog
c:\users\ensar\source\repos\newlib\newlib\debug\newlib.tlog\link.command.1.tlog
c:\users\ensar\source\repos\newlib\newlib\debug\newlib.tlog\link.read.1.tlog
c:\users\ensar\source\repos\newlib\newlib\debug\newlib.tlog\link.write.1.tlog
c:\users\ensar\source\repos\newlib\newlib\debug\newlib.tlog\newlib.write.1u.tlog
