c:\users\ensar\source\repos\newlıb\newlıb\x64\debug\vc141.pdb
c:\users\ensar\source\repos\newlıb\newlıb\x64\debug\vc141.ıdb
c:\users\ensar\source\repos\newlıb\newlıb\x64\debug\a.obj
c:\users\ensar\source\repos\newlıb\x64\debug\newlıb.dll
c:\users\ensar\source\repos\newlıb\x64\debug\newlıb.ılk
c:\users\ensar\source\repos\newlıb\x64\debug\newlıb.pdb
c:\users\ensar\source\repos\newlib\x64\debug\newlib.lib
c:\users\ensar\source\repos\newlib\x64\debug\newlib.exp
c:\users\ensar\source\repos\newlib\newlib\x64\debug\a.obj
c:\users\ensar\source\repos\newlib\newlib\x64\debug\vc141.idb
c:\users\ensar\source\repos\newlib\newlib\x64\debug\vc141.pdb
c:\users\ensar\source\repos\newlib\x64\debug\newlib.pdb
c:\users\ensar\source\repos\newlib\x64\debug\newlib.dll
c:\users\ensar\source\repos\newlib\x64\debug\newlib.ilk
c:\users\ensar\source\repos\newlib\newlib\x64\debug\newlib.tlog\cl.command.1.tlog
c:\users\ensar\source\repos\newlib\newlib\x64\debug\newlib.tlog\cl.read.1.tlog
c:\users\ensar\source\repos\newlib\newlib\x64\debug\newlib.tlog\cl.write.1.tlog
c:\users\ensar\source\repos\newlib\newlib\x64\debug\newlib.tlog\link.11308.delete.1.tlog
c:\users\ensar\source\repos\newlib\newlib\x64\debug\newlib.tlog\link.11380.delete.1.tlog
c:\users\ensar\source\repos\newlib\newlib\x64\debug\newlib.tlog\link.12672.delete.1.tlog
c:\users\ensar\source\repos\newlib\newlib\x64\debug\newlib.tlog\link.14512.delete.1.tlog
c:\users\ensar\source\repos\newlib\newlib\x64\debug\newlib.tlog\link.15588.delete.1.tlog
c:\users\ensar\source\repos\newlib\newlib\x64\debug\newlib.tlog\link.17580.delete.1.tlog
c:\users\ensar\source\repos\newlib\newlib\x64\debug\newlib.tlog\link.17628.delete.1.tlog
c:\users\ensar\source\repos\newlib\newlib\x64\debug\newlib.tlog\link.17828.delete.1.tlog
c:\users\ensar\source\repos\newlib\newlib\x64\debug\newlib.tlog\link.2228.delete.1.tlog
c:\users\ensar\source\repos\newlib\newlib\x64\debug\newlib.tlog\link.5724.delete.1.tlog
c:\users\ensar\source\repos\newlib\newlib\x64\debug\newlib.tlog\link.9440.delete.1.tlog
c:\users\ensar\source\repos\newlib\newlib\x64\debug\newlib.tlog\link.command.1.tlog
c:\users\ensar\source\repos\newlib\newlib\x64\debug\newlib.tlog\link.read.1.tlog
c:\users\ensar\source\repos\newlib\newlib\x64\debug\newlib.tlog\link.write.1.tlog
c:\users\ensar\source\repos\newlib\newlib\x64\debug\newlib.tlog\newlib.write.1u.tlog
